[35m[1mScanning dependencies of target _rasa_ros_generate_messages_check_deps_Rest[0m
[35m[1mScanning dependencies of target std_msgs_generate_messages_py[0m
[35m[1mScanning dependencies of target std_msgs_generate_messages_nodejs[0m
[35m[1mScanning dependencies of target _rasa_ros_generate_messages_check_deps_WakeUp[0m
[35m[1mScanning dependencies of target _rasa_ros_generate_messages_check_deps_ExecuteJS[0m
[35m[1mScanning dependencies of target _rasa_ros_generate_messages_check_deps_Dialogue[0m
[35m[1mScanning dependencies of target std_msgs_generate_messages_eus[0m
[35m[1mScanning dependencies of target _rasa_ros_generate_messages_check_deps_LoadUrl[0m
[35m[1mScanning dependencies of target std_msgs_generate_messages_cpp[0m
[35m[1mScanning dependencies of target std_msgs_generate_messages_lisp[0m
[35m[1mScanning dependencies of target _rasa_ros_generate_messages_check_deps_Text2Speech[0m
[  0%] Built target std_msgs_generate_messages_cpp
[  0%] Built target std_msgs_generate_messages_lisp
[  0%] Built target std_msgs_generate_messages_py
[  0%] Built target std_msgs_generate_messages_nodejs
[  0%] Built target std_msgs_generate_messages_eus
[  0%] Built target _rasa_ros_generate_messages_check_deps_WakeUp
[  0%] Built target _rasa_ros_generate_messages_check_deps_Dialogue
[  0%] Built target _rasa_ros_generate_messages_check_deps_LoadUrl
[  0%] Built target _rasa_ros_generate_messages_check_deps_Text2Speech
[  0%] Built target _rasa_ros_generate_messages_check_deps_Rest
[  0%] Built target _rasa_ros_generate_messages_check_deps_ExecuteJS
[35m[1mScanning dependencies of target rasa_ros_generate_messages_cpp[0m
[35m[1mScanning dependencies of target rasa_ros_generate_messages_lisp[0m
[35m[1mScanning dependencies of target rasa_ros_generate_messages_eus[0m
[35m[1mScanning dependencies of target rasa_ros_generate_messages_py[0m
[35m[1mScanning dependencies of target rasa_ros_generate_messages_nodejs[0m
[ 18%] Built target rasa_ros_generate_messages_nodejs
[ 56%] Built target rasa_ros_generate_messages_py
[ 62%] Built target rasa_ros_generate_messages_lisp
[ 81%] Built target rasa_ros_generate_messages_cpp
[100%] Built target rasa_ros_generate_messages_eus
[35m[1mScanning dependencies of target rasa_ros_generate_messages[0m
[100%] Built target rasa_ros_generate_messages
