Warning: Cannot symlink from /home/andrea/Cognitive-Robotics/toDoList_ROS/devel/.private/rasa_ros/lib/python3/dist-packages/rasa_ros/srv/__init__.py to existing file /home/andrea/Cognitive-Robotics/toDoList_ROS/devel/lib/python3/dist-packages/rasa_ros/srv/__init__.py
Warning: Source hash: 4fc404e0e53226be5f7ce5a60b7b40d8
Warning: Dest hash: e8edf58ac744776e11842fd485a9aa14
Warning: Cannot symlink from /home/andrea/Cognitive-Robotics/toDoList_ROS/devel/.private/rasa_ros/lib/pkgconfig/rasa_ros.pc to existing file /home/andrea/Cognitive-Robotics/toDoList_ROS/devel/lib/pkgconfig/rasa_ros.pc
Warning: Source hash: c6297392e17053b0b263f1998acea9c6
Warning: Dest hash: b4e1f7325bb9f790f3b267ce449b294f
Warning: Cannot symlink from /home/andrea/Cognitive-Robotics/toDoList_ROS/devel/.private/rasa_ros/share/gennodejs/ros/rasa_ros/srv/_index.js to existing file /home/andrea/Cognitive-Robotics/toDoList_ROS/devel/share/gennodejs/ros/rasa_ros/srv/_index.js
Warning: Source hash: ef6e5563519825ef7746299cf5a5b989
Warning: Dest hash: e685e0de40a10de539bee8148126b6ea
Warning: Cannot symlink from /home/andrea/Cognitive-Robotics/toDoList_ROS/devel/.private/rasa_ros/share/common-lisp/ros/rasa_ros/srv/rasa_ros-srv.asd to existing file /home/andrea/Cognitive-Robotics/toDoList_ROS/devel/share/common-lisp/ros/rasa_ros/srv/rasa_ros-srv.asd
Warning: Source hash: 2cb7fbf3a7e1d1a006eff7782879550b
Warning: Dest hash: 5de19d331e6511d82ace42bc8ce6ff28
Warning: Cannot symlink from /home/andrea/Cognitive-Robotics/toDoList_ROS/devel/.private/rasa_ros/share/common-lisp/ros/rasa_ros/srv/_package.lisp to existing file /home/andrea/Cognitive-Robotics/toDoList_ROS/devel/share/common-lisp/ros/rasa_ros/srv/_package.lisp
Warning: Source hash: 0c365b20f3694bc29be236cf832a22bd
Warning: Dest hash: a624e8f498e438a502e2d314395b182f
Warning: Cannot symlink from /home/andrea/Cognitive-Robotics/toDoList_ROS/devel/.private/rasa_ros/share/rasa_ros/cmake/rasa_rosConfig.cmake to existing file /home/andrea/Cognitive-Robotics/toDoList_ROS/devel/share/rasa_ros/cmake/rasa_rosConfig.cmake
Warning: Source hash: eba947e229f6d514865e5654e89c6000
Warning: Dest hash: 416a5a045cd983573d2104b9405d5b10
Warning: Cannot symlink from /home/andrea/Cognitive-Robotics/toDoList_ROS/devel/.private/rasa_ros/share/rasa_ros/cmake/rasa_ros-msg-extras.cmake to existing file /home/andrea/Cognitive-Robotics/toDoList_ROS/devel/share/rasa_ros/cmake/rasa_ros-msg-extras.cmake
Warning: Source hash: 5dd2338792e19c31759c8c277b57f8c3
Warning: Dest hash: 9b153a6de2118d2feb775ba764e4c543
