Linked: (/home/andrea/Cognitive/Cognitive-Robotics-main/toDoList_ROS/devel/.private/rasa_ros/lib/python3/dist-packages/rasa_ros/__init__.py, /home/andrea/Cognitive/Cognitive-Robotics-main/toDoList_ROS/devel/lib/python3/dist-packages/rasa_ros/__init__.py)
Symlinking /home/andrea/Cognitive/Cognitive-Robotics-main/toDoList_ROS/devel/lib/python3/dist-packages/rasa_ros/srv/_Text2Speech.py
Symlinking /home/andrea/Cognitive/Cognitive-Robotics-main/toDoList_ROS/devel/lib/python3/dist-packages/rasa_ros/srv/_Rest.py
Linked: (/home/andrea/Cognitive/Cognitive-Robotics-main/toDoList_ROS/devel/.private/rasa_ros/lib/python3/dist-packages/rasa_ros/srv/_Dialogue.py, /home/andrea/Cognitive/Cognitive-Robotics-main/toDoList_ROS/devel/lib/python3/dist-packages/rasa_ros/srv/_Dialogue.py)
Symlinking /home/andrea/Cognitive/Cognitive-Robotics-main/toDoList_ROS/devel/lib/python3/dist-packages/rasa_ros/srv/_WakeUp.py
Linked: (/home/andrea/Cognitive/Cognitive-Robotics-main/toDoList_ROS/devel/.private/rasa_ros/lib/python3/dist-packages/rasa_ros/srv/__init__.py, /home/andrea/Cognitive/Cognitive-Robotics-main/toDoList_ROS/devel/lib/python3/dist-packages/rasa_ros/srv/__init__.py)
Linked: (/home/andrea/Cognitive/Cognitive-Robotics-main/toDoList_ROS/devel/.private/rasa_ros/lib/pkgconfig/rasa_ros.pc, /home/andrea/Cognitive/Cognitive-Robotics-main/toDoList_ROS/devel/lib/pkgconfig/rasa_ros.pc)
Linked: (/home/andrea/Cognitive/Cognitive-Robotics-main/toDoList_ROS/devel/.private/rasa_ros/share/gennodejs/ros/rasa_ros/_index.js, /home/andrea/Cognitive/Cognitive-Robotics-main/toDoList_ROS/devel/share/gennodejs/ros/rasa_ros/_index.js)
Linked: (/home/andrea/Cognitive/Cognitive-Robotics-main/toDoList_ROS/devel/.private/rasa_ros/share/gennodejs/ros/rasa_ros/srv/Dialogue.js, /home/andrea/Cognitive/Cognitive-Robotics-main/toDoList_ROS/devel/share/gennodejs/ros/rasa_ros/srv/Dialogue.js)
Symlinking /home/andrea/Cognitive/Cognitive-Robotics-main/toDoList_ROS/devel/share/gennodejs/ros/rasa_ros/srv/WakeUp.js
Linked: (/home/andrea/Cognitive/Cognitive-Robotics-main/toDoList_ROS/devel/.private/rasa_ros/share/gennodejs/ros/rasa_ros/srv/_index.js, /home/andrea/Cognitive/Cognitive-Robotics-main/toDoList_ROS/devel/share/gennodejs/ros/rasa_ros/srv/_index.js)
Symlinking /home/andrea/Cognitive/Cognitive-Robotics-main/toDoList_ROS/devel/share/gennodejs/ros/rasa_ros/srv/Rest.js
Symlinking /home/andrea/Cognitive/Cognitive-Robotics-main/toDoList_ROS/devel/share/gennodejs/ros/rasa_ros/srv/Text2Speech.js
Symlinking /home/andrea/Cognitive/Cognitive-Robotics-main/toDoList_ROS/devel/share/common-lisp/ros/rasa_ros/srv/Text2Speech.lisp
Linked: (/home/andrea/Cognitive/Cognitive-Robotics-main/toDoList_ROS/devel/.private/rasa_ros/share/common-lisp/ros/rasa_ros/srv/rasa_ros-srv.asd, /home/andrea/Cognitive/Cognitive-Robotics-main/toDoList_ROS/devel/share/common-lisp/ros/rasa_ros/srv/rasa_ros-srv.asd)
Linked: (/home/andrea/Cognitive/Cognitive-Robotics-main/toDoList_ROS/devel/.private/rasa_ros/share/common-lisp/ros/rasa_ros/srv/Dialogue.lisp, /home/andrea/Cognitive/Cognitive-Robotics-main/toDoList_ROS/devel/share/common-lisp/ros/rasa_ros/srv/Dialogue.lisp)
Linked: (/home/andrea/Cognitive/Cognitive-Robotics-main/toDoList_ROS/devel/.private/rasa_ros/share/common-lisp/ros/rasa_ros/srv/_package.lisp, /home/andrea/Cognitive/Cognitive-Robotics-main/toDoList_ROS/devel/share/common-lisp/ros/rasa_ros/srv/_package.lisp)
Symlinking /home/andrea/Cognitive/Cognitive-Robotics-main/toDoList_ROS/devel/share/common-lisp/ros/rasa_ros/srv/_package_WakeUp.lisp
Linked: (/home/andrea/Cognitive/Cognitive-Robotics-main/toDoList_ROS/devel/.private/rasa_ros/share/common-lisp/ros/rasa_ros/srv/_package_Dialogue.lisp, /home/andrea/Cognitive/Cognitive-Robotics-main/toDoList_ROS/devel/share/common-lisp/ros/rasa_ros/srv/_package_Dialogue.lisp)
Symlinking /home/andrea/Cognitive/Cognitive-Robotics-main/toDoList_ROS/devel/share/common-lisp/ros/rasa_ros/srv/_package_Rest.lisp
Symlinking /home/andrea/Cognitive/Cognitive-Robotics-main/toDoList_ROS/devel/share/common-lisp/ros/rasa_ros/srv/Rest.lisp
Symlinking /home/andrea/Cognitive/Cognitive-Robotics-main/toDoList_ROS/devel/share/common-lisp/ros/rasa_ros/srv/_package_Text2Speech.lisp
Symlinking /home/andrea/Cognitive/Cognitive-Robotics-main/toDoList_ROS/devel/share/common-lisp/ros/rasa_ros/srv/WakeUp.lisp
Linked: (/home/andrea/Cognitive/Cognitive-Robotics-main/toDoList_ROS/devel/.private/rasa_ros/share/rasa_ros/cmake/rasa_rosConfig-version.cmake, /home/andrea/Cognitive/Cognitive-Robotics-main/toDoList_ROS/devel/share/rasa_ros/cmake/rasa_rosConfig-version.cmake)
Linked: (/home/andrea/Cognitive/Cognitive-Robotics-main/toDoList_ROS/devel/.private/rasa_ros/share/rasa_ros/cmake/rasa_ros-msg-paths.cmake, /home/andrea/Cognitive/Cognitive-Robotics-main/toDoList_ROS/devel/share/rasa_ros/cmake/rasa_ros-msg-paths.cmake)
Linked: (/home/andrea/Cognitive/Cognitive-Robotics-main/toDoList_ROS/devel/.private/rasa_ros/share/rasa_ros/cmake/rasa_rosConfig.cmake, /home/andrea/Cognitive/Cognitive-Robotics-main/toDoList_ROS/devel/share/rasa_ros/cmake/rasa_rosConfig.cmake)
Linked: (/home/andrea/Cognitive/Cognitive-Robotics-main/toDoList_ROS/devel/.private/rasa_ros/share/rasa_ros/cmake/rasa_ros-msg-extras.cmake, /home/andrea/Cognitive/Cognitive-Robotics-main/toDoList_ROS/devel/share/rasa_ros/cmake/rasa_ros-msg-extras.cmake)
Linked: (/home/andrea/Cognitive/Cognitive-Robotics-main/toDoList_ROS/devel/.private/rasa_ros/share/roseus/ros/rasa_ros/manifest.l, /home/andrea/Cognitive/Cognitive-Robotics-main/toDoList_ROS/devel/share/roseus/ros/rasa_ros/manifest.l)
Linked: (/home/andrea/Cognitive/Cognitive-Robotics-main/toDoList_ROS/devel/.private/rasa_ros/share/roseus/ros/rasa_ros/srv/Dialogue.l, /home/andrea/Cognitive/Cognitive-Robotics-main/toDoList_ROS/devel/share/roseus/ros/rasa_ros/srv/Dialogue.l)
Symlinking /home/andrea/Cognitive/Cognitive-Robotics-main/toDoList_ROS/devel/share/roseus/ros/rasa_ros/srv/Text2Speech.l
Symlinking /home/andrea/Cognitive/Cognitive-Robotics-main/toDoList_ROS/devel/share/roseus/ros/rasa_ros/srv/WakeUp.l
Symlinking /home/andrea/Cognitive/Cognitive-Robotics-main/toDoList_ROS/devel/share/roseus/ros/rasa_ros/srv/Rest.l
Symlinking /home/andrea/Cognitive/Cognitive-Robotics-main/toDoList_ROS/devel/include/rasa_ros/Text2Speech.h
Symlinking /home/andrea/Cognitive/Cognitive-Robotics-main/toDoList_ROS/devel/include/rasa_ros/RestResponse.h
Symlinking /home/andrea/Cognitive/Cognitive-Robotics-main/toDoList_ROS/devel/include/rasa_ros/WakeUp.h
Symlinking /home/andrea/Cognitive/Cognitive-Robotics-main/toDoList_ROS/devel/include/rasa_ros/Text2SpeechResponse.h
Symlinking /home/andrea/Cognitive/Cognitive-Robotics-main/toDoList_ROS/devel/include/rasa_ros/Text2SpeechRequest.h
Symlinking /home/andrea/Cognitive/Cognitive-Robotics-main/toDoList_ROS/devel/include/rasa_ros/RestRequest.h
Symlinking /home/andrea/Cognitive/Cognitive-Robotics-main/toDoList_ROS/devel/include/rasa_ros/Rest.h
Linked: (/home/andrea/Cognitive/Cognitive-Robotics-main/toDoList_ROS/devel/.private/rasa_ros/include/rasa_ros/DialogueResponse.h, /home/andrea/Cognitive/Cognitive-Robotics-main/toDoList_ROS/devel/include/rasa_ros/DialogueResponse.h)
Symlinking /home/andrea/Cognitive/Cognitive-Robotics-main/toDoList_ROS/devel/include/rasa_ros/WakeUpRequest.h
Symlinking /home/andrea/Cognitive/Cognitive-Robotics-main/toDoList_ROS/devel/include/rasa_ros/WakeUpResponse.h
Linked: (/home/andrea/Cognitive/Cognitive-Robotics-main/toDoList_ROS/devel/.private/rasa_ros/include/rasa_ros/DialogueRequest.h, /home/andrea/Cognitive/Cognitive-Robotics-main/toDoList_ROS/devel/include/rasa_ros/DialogueRequest.h)
Linked: (/home/andrea/Cognitive/Cognitive-Robotics-main/toDoList_ROS/devel/.private/rasa_ros/include/rasa_ros/Dialogue.h, /home/andrea/Cognitive/Cognitive-Robotics-main/toDoList_ROS/devel/include/rasa_ros/Dialogue.h)
