Symlinking /home/andrea/Cognitive-Robotics/toDoList_ROS/devel/lib/python3/dist-packages/rasa_ros/__init__.py
Symlinking /home/andrea/Cognitive-Robotics/toDoList_ROS/devel/lib/python3/dist-packages/rasa_ros/srv/_ExecuteJS.py
Symlinking /home/andrea/Cognitive-Robotics/toDoList_ROS/devel/lib/python3/dist-packages/rasa_ros/srv/_Text2Speech.py
Symlinking /home/andrea/Cognitive-Robotics/toDoList_ROS/devel/lib/python3/dist-packages/rasa_ros/srv/_Rest.py
Symlinking /home/andrea/Cognitive-Robotics/toDoList_ROS/devel/lib/python3/dist-packages/rasa_ros/srv/_Dialogue.py
Symlinking /home/andrea/Cognitive-Robotics/toDoList_ROS/devel/lib/python3/dist-packages/rasa_ros/srv/_WakeUp.py
Symlinking /home/andrea/Cognitive-Robotics/toDoList_ROS/devel/lib/python3/dist-packages/rasa_ros/srv/__init__.py
Symlinking /home/andrea/Cognitive-Robotics/toDoList_ROS/devel/lib/python3/dist-packages/rasa_ros/srv/_LoadUrl.py
Symlinking /home/andrea/Cognitive-Robotics/toDoList_ROS/devel/lib/pkgconfig/rasa_ros.pc
Symlinking /home/andrea/Cognitive-Robotics/toDoList_ROS/devel/share/gennodejs/ros/rasa_ros/_index.js
Symlinking /home/andrea/Cognitive-Robotics/toDoList_ROS/devel/share/gennodejs/ros/rasa_ros/srv/Dialogue.js
Symlinking /home/andrea/Cognitive-Robotics/toDoList_ROS/devel/share/gennodejs/ros/rasa_ros/srv/WakeUp.js
Symlinking /home/andrea/Cognitive-Robotics/toDoList_ROS/devel/share/gennodejs/ros/rasa_ros/srv/LoadUrl.js
Symlinking /home/andrea/Cognitive-Robotics/toDoList_ROS/devel/share/gennodejs/ros/rasa_ros/srv/ExecuteJS.js
Symlinking /home/andrea/Cognitive-Robotics/toDoList_ROS/devel/share/gennodejs/ros/rasa_ros/srv/_index.js
Symlinking /home/andrea/Cognitive-Robotics/toDoList_ROS/devel/share/gennodejs/ros/rasa_ros/srv/Rest.js
Symlinking /home/andrea/Cognitive-Robotics/toDoList_ROS/devel/share/gennodejs/ros/rasa_ros/srv/Text2Speech.js
Symlinking /home/andrea/Cognitive-Robotics/toDoList_ROS/devel/share/common-lisp/ros/rasa_ros/srv/Text2Speech.lisp
Symlinking /home/andrea/Cognitive-Robotics/toDoList_ROS/devel/share/common-lisp/ros/rasa_ros/srv/rasa_ros-srv.asd
Symlinking /home/andrea/Cognitive-Robotics/toDoList_ROS/devel/share/common-lisp/ros/rasa_ros/srv/_package_ExecuteJS.lisp
Symlinking /home/andrea/Cognitive-Robotics/toDoList_ROS/devel/share/common-lisp/ros/rasa_ros/srv/Dialogue.lisp
Symlinking /home/andrea/Cognitive-Robotics/toDoList_ROS/devel/share/common-lisp/ros/rasa_ros/srv/_package.lisp
Symlinking /home/andrea/Cognitive-Robotics/toDoList_ROS/devel/share/common-lisp/ros/rasa_ros/srv/_package_WakeUp.lisp
Symlinking /home/andrea/Cognitive-Robotics/toDoList_ROS/devel/share/common-lisp/ros/rasa_ros/srv/ExecuteJS.lisp
Symlinking /home/andrea/Cognitive-Robotics/toDoList_ROS/devel/share/common-lisp/ros/rasa_ros/srv/_package_Dialogue.lisp
Symlinking /home/andrea/Cognitive-Robotics/toDoList_ROS/devel/share/common-lisp/ros/rasa_ros/srv/_package_Rest.lisp
Symlinking /home/andrea/Cognitive-Robotics/toDoList_ROS/devel/share/common-lisp/ros/rasa_ros/srv/_package_LoadUrl.lisp
Symlinking /home/andrea/Cognitive-Robotics/toDoList_ROS/devel/share/common-lisp/ros/rasa_ros/srv/Rest.lisp
Symlinking /home/andrea/Cognitive-Robotics/toDoList_ROS/devel/share/common-lisp/ros/rasa_ros/srv/_package_Text2Speech.lisp
Symlinking /home/andrea/Cognitive-Robotics/toDoList_ROS/devel/share/common-lisp/ros/rasa_ros/srv/WakeUp.lisp
Symlinking /home/andrea/Cognitive-Robotics/toDoList_ROS/devel/share/common-lisp/ros/rasa_ros/srv/LoadUrl.lisp
Symlinking /home/andrea/Cognitive-Robotics/toDoList_ROS/devel/share/rasa_ros/cmake/rasa_rosConfig-version.cmake
Symlinking /home/andrea/Cognitive-Robotics/toDoList_ROS/devel/share/rasa_ros/cmake/rasa_ros-msg-paths.cmake
Symlinking /home/andrea/Cognitive-Robotics/toDoList_ROS/devel/share/rasa_ros/cmake/rasa_rosConfig.cmake
Symlinking /home/andrea/Cognitive-Robotics/toDoList_ROS/devel/share/rasa_ros/cmake/rasa_ros-msg-extras.cmake
Symlinking /home/andrea/Cognitive-Robotics/toDoList_ROS/devel/share/roseus/ros/rasa_ros/manifest.l
Symlinking /home/andrea/Cognitive-Robotics/toDoList_ROS/devel/share/roseus/ros/rasa_ros/srv/Dialogue.l
Symlinking /home/andrea/Cognitive-Robotics/toDoList_ROS/devel/share/roseus/ros/rasa_ros/srv/Text2Speech.l
Symlinking /home/andrea/Cognitive-Robotics/toDoList_ROS/devel/share/roseus/ros/rasa_ros/srv/WakeUp.l
Symlinking /home/andrea/Cognitive-Robotics/toDoList_ROS/devel/share/roseus/ros/rasa_ros/srv/LoadUrl.l
Symlinking /home/andrea/Cognitive-Robotics/toDoList_ROS/devel/share/roseus/ros/rasa_ros/srv/ExecuteJS.l
Symlinking /home/andrea/Cognitive-Robotics/toDoList_ROS/devel/share/roseus/ros/rasa_ros/srv/Rest.l
Symlinking /home/andrea/Cognitive-Robotics/toDoList_ROS/devel/include/rasa_ros/Text2Speech.h
Symlinking /home/andrea/Cognitive-Robotics/toDoList_ROS/devel/include/rasa_ros/RestResponse.h
Symlinking /home/andrea/Cognitive-Robotics/toDoList_ROS/devel/include/rasa_ros/WakeUp.h
Symlinking /home/andrea/Cognitive-Robotics/toDoList_ROS/devel/include/rasa_ros/LoadUrlRequest.h
Symlinking /home/andrea/Cognitive-Robotics/toDoList_ROS/devel/include/rasa_ros/Text2SpeechResponse.h
Symlinking /home/andrea/Cognitive-Robotics/toDoList_ROS/devel/include/rasa_ros/Text2SpeechRequest.h
Symlinking /home/andrea/Cognitive-Robotics/toDoList_ROS/devel/include/rasa_ros/ExecuteJSResponse.h
Symlinking /home/andrea/Cognitive-Robotics/toDoList_ROS/devel/include/rasa_ros/ExecuteJSRequest.h
Symlinking /home/andrea/Cognitive-Robotics/toDoList_ROS/devel/include/rasa_ros/RestRequest.h
Symlinking /home/andrea/Cognitive-Robotics/toDoList_ROS/devel/include/rasa_ros/Rest.h
Symlinking /home/andrea/Cognitive-Robotics/toDoList_ROS/devel/include/rasa_ros/ExecuteJS.h
Symlinking /home/andrea/Cognitive-Robotics/toDoList_ROS/devel/include/rasa_ros/DialogueResponse.h
Symlinking /home/andrea/Cognitive-Robotics/toDoList_ROS/devel/include/rasa_ros/WakeUpRequest.h
Symlinking /home/andrea/Cognitive-Robotics/toDoList_ROS/devel/include/rasa_ros/WakeUpResponse.h
Symlinking /home/andrea/Cognitive-Robotics/toDoList_ROS/devel/include/rasa_ros/DialogueRequest.h
Symlinking /home/andrea/Cognitive-Robotics/toDoList_ROS/devel/include/rasa_ros/Dialogue.h
Symlinking /home/andrea/Cognitive-Robotics/toDoList_ROS/devel/include/rasa_ros/LoadUrlResponse.h
Symlinking /home/andrea/Cognitive-Robotics/toDoList_ROS/devel/include/rasa_ros/LoadUrl.h
