Symlinking /home/andrea/Desktop/backup/Cognitive-Robotics/toDoList_ROS/devel/share/common-lisp/ros/rasa_ros/srv/_package_Dialogue.lisp
Symlinking /home/andrea/Desktop/backup/Cognitive-Robotics/toDoList_ROS/devel/share/common-lisp/ros/rasa_ros/srv/Dialogue.lisp
Symlinking /home/andrea/Desktop/backup/Cognitive-Robotics/toDoList_ROS/devel/share/common-lisp/ros/rasa_ros/srv/_package.lisp
Symlinking /home/andrea/Desktop/backup/Cognitive-Robotics/toDoList_ROS/devel/share/common-lisp/ros/rasa_ros/srv/rasa_ros-srv.asd
Symlinking /home/andrea/Desktop/backup/Cognitive-Robotics/toDoList_ROS/devel/share/gennodejs/ros/rasa_ros/_index.js
Symlinking /home/andrea/Desktop/backup/Cognitive-Robotics/toDoList_ROS/devel/share/gennodejs/ros/rasa_ros/srv/Dialogue.js
Symlinking /home/andrea/Desktop/backup/Cognitive-Robotics/toDoList_ROS/devel/share/gennodejs/ros/rasa_ros/srv/_index.js
Symlinking /home/andrea/Desktop/backup/Cognitive-Robotics/toDoList_ROS/devel/share/rasa_ros/cmake/rasa_rosConfig-version.cmake
Symlinking /home/andrea/Desktop/backup/Cognitive-Robotics/toDoList_ROS/devel/share/rasa_ros/cmake/rasa_ros-msg-extras.cmake
Symlinking /home/andrea/Desktop/backup/Cognitive-Robotics/toDoList_ROS/devel/share/rasa_ros/cmake/rasa_rosConfig.cmake
Symlinking /home/andrea/Desktop/backup/Cognitive-Robotics/toDoList_ROS/devel/share/rasa_ros/cmake/rasa_ros-msg-paths.cmake
Symlinking /home/andrea/Desktop/backup/Cognitive-Robotics/toDoList_ROS/devel/share/roseus/ros/rasa_ros/manifest.l
Symlinking /home/andrea/Desktop/backup/Cognitive-Robotics/toDoList_ROS/devel/share/roseus/ros/rasa_ros/srv/Dialogue.l
Symlinking /home/andrea/Desktop/backup/Cognitive-Robotics/toDoList_ROS/devel/lib/python3/dist-packages/rasa_ros/__init__.py
Symlinking /home/andrea/Desktop/backup/Cognitive-Robotics/toDoList_ROS/devel/lib/python3/dist-packages/rasa_ros/srv/__init__.py
Symlinking /home/andrea/Desktop/backup/Cognitive-Robotics/toDoList_ROS/devel/lib/python3/dist-packages/rasa_ros/srv/_Dialogue.py
Symlinking /home/andrea/Desktop/backup/Cognitive-Robotics/toDoList_ROS/devel/lib/pkgconfig/rasa_ros.pc
Symlinking /home/andrea/Desktop/backup/Cognitive-Robotics/toDoList_ROS/devel/include/rasa_ros/Dialogue.h
Symlinking /home/andrea/Desktop/backup/Cognitive-Robotics/toDoList_ROS/devel/include/rasa_ros/DialogueResponse.h
Symlinking /home/andrea/Desktop/backup/Cognitive-Robotics/toDoList_ROS/devel/include/rasa_ros/DialogueRequest.h
Cleaning: (/home/andrea/Desktop/backup/prove/cogrob/cogrob_ws/devel/.private/rasa_ros/cmake.lock, /home/andrea/Desktop/backup/prove/cogrob/cogrob_ws/devel/./cmake.lock)
Cleaning: (/home/andrea/Desktop/backup/prove/cogrob/cogrob_ws/devel/.private/rasa_ros/share/common-lisp/ros/rasa_ros/srv/_package_Dialogue.lisp, /home/andrea/Desktop/backup/prove/cogrob/cogrob_ws/devel/share/common-lisp/ros/rasa_ros/srv/_package_Dialogue.lisp)
Cleaning: (/home/andrea/Desktop/backup/prove/cogrob/cogrob_ws/devel/.private/rasa_ros/share/common-lisp/ros/rasa_ros/srv/Dialogue.lisp, /home/andrea/Desktop/backup/prove/cogrob/cogrob_ws/devel/share/common-lisp/ros/rasa_ros/srv/Dialogue.lisp)
Cleaning: (/home/andrea/Desktop/backup/prove/cogrob/cogrob_ws/devel/.private/rasa_ros/share/common-lisp/ros/rasa_ros/srv/_package.lisp, /home/andrea/Desktop/backup/prove/cogrob/cogrob_ws/devel/share/common-lisp/ros/rasa_ros/srv/_package.lisp)
Cleaning: (/home/andrea/Desktop/backup/prove/cogrob/cogrob_ws/devel/.private/rasa_ros/share/common-lisp/ros/rasa_ros/srv/rasa_ros-srv.asd, /home/andrea/Desktop/backup/prove/cogrob/cogrob_ws/devel/share/common-lisp/ros/rasa_ros/srv/rasa_ros-srv.asd)
Cleaning: (/home/andrea/Desktop/backup/prove/cogrob/cogrob_ws/devel/.private/rasa_ros/share/gennodejs/ros/rasa_ros/_index.js, /home/andrea/Desktop/backup/prove/cogrob/cogrob_ws/devel/share/gennodejs/ros/rasa_ros/_index.js)
Cleaning: (/home/andrea/Desktop/backup/prove/cogrob/cogrob_ws/devel/.private/rasa_ros/share/gennodejs/ros/rasa_ros/srv/Dialogue.js, /home/andrea/Desktop/backup/prove/cogrob/cogrob_ws/devel/share/gennodejs/ros/rasa_ros/srv/Dialogue.js)
Cleaning: (/home/andrea/Desktop/backup/prove/cogrob/cogrob_ws/devel/.private/rasa_ros/share/gennodejs/ros/rasa_ros/srv/_index.js, /home/andrea/Desktop/backup/prove/cogrob/cogrob_ws/devel/share/gennodejs/ros/rasa_ros/srv/_index.js)
Cleaning: (/home/andrea/Desktop/backup/prove/cogrob/cogrob_ws/devel/.private/rasa_ros/share/rasa_ros/cmake/rasa_rosConfig-version.cmake, /home/andrea/Desktop/backup/prove/cogrob/cogrob_ws/devel/share/rasa_ros/cmake/rasa_rosConfig-version.cmake)
Cleaning: (/home/andrea/Desktop/backup/prove/cogrob/cogrob_ws/devel/.private/rasa_ros/share/rasa_ros/cmake/rasa_ros-msg-extras.cmake, /home/andrea/Desktop/backup/prove/cogrob/cogrob_ws/devel/share/rasa_ros/cmake/rasa_ros-msg-extras.cmake)
Cleaning: (/home/andrea/Desktop/backup/prove/cogrob/cogrob_ws/devel/.private/rasa_ros/share/rasa_ros/cmake/rasa_rosConfig.cmake, /home/andrea/Desktop/backup/prove/cogrob/cogrob_ws/devel/share/rasa_ros/cmake/rasa_rosConfig.cmake)
Cleaning: (/home/andrea/Desktop/backup/prove/cogrob/cogrob_ws/devel/.private/rasa_ros/share/rasa_ros/cmake/rasa_ros-msg-paths.cmake, /home/andrea/Desktop/backup/prove/cogrob/cogrob_ws/devel/share/rasa_ros/cmake/rasa_ros-msg-paths.cmake)
Cleaning: (/home/andrea/Desktop/backup/prove/cogrob/cogrob_ws/devel/.private/rasa_ros/share/roseus/ros/rasa_ros/manifest.l, /home/andrea/Desktop/backup/prove/cogrob/cogrob_ws/devel/share/roseus/ros/rasa_ros/manifest.l)
Cleaning: (/home/andrea/Desktop/backup/prove/cogrob/cogrob_ws/devel/.private/rasa_ros/share/roseus/ros/rasa_ros/srv/Dialogue.l, /home/andrea/Desktop/backup/prove/cogrob/cogrob_ws/devel/share/roseus/ros/rasa_ros/srv/Dialogue.l)
Cleaning: (/home/andrea/Desktop/backup/prove/cogrob/cogrob_ws/devel/.private/rasa_ros/lib/python3/dist-packages/rasa_ros/__init__.py, /home/andrea/Desktop/backup/prove/cogrob/cogrob_ws/devel/lib/python3/dist-packages/rasa_ros/__init__.py)
Cleaning: (/home/andrea/Desktop/backup/prove/cogrob/cogrob_ws/devel/.private/rasa_ros/lib/python3/dist-packages/rasa_ros/srv/__init__.py, /home/andrea/Desktop/backup/prove/cogrob/cogrob_ws/devel/lib/python3/dist-packages/rasa_ros/srv/__init__.py)
Cleaning: (/home/andrea/Desktop/backup/prove/cogrob/cogrob_ws/devel/.private/rasa_ros/lib/python3/dist-packages/rasa_ros/srv/_Dialogue.py, /home/andrea/Desktop/backup/prove/cogrob/cogrob_ws/devel/lib/python3/dist-packages/rasa_ros/srv/_Dialogue.py)
Cleaning: (/home/andrea/Desktop/backup/prove/cogrob/cogrob_ws/devel/.private/rasa_ros/lib/pkgconfig/rasa_ros.pc, /home/andrea/Desktop/backup/prove/cogrob/cogrob_ws/devel/lib/pkgconfig/rasa_ros.pc)
Cleaning: (/home/andrea/Desktop/backup/prove/cogrob/cogrob_ws/devel/.private/rasa_ros/include/rasa_ros/Dialogue.h, /home/andrea/Desktop/backup/prove/cogrob/cogrob_ws/devel/include/rasa_ros/Dialogue.h)
Cleaning: (/home/andrea/Desktop/backup/prove/cogrob/cogrob_ws/devel/.private/rasa_ros/include/rasa_ros/DialogueResponse.h, /home/andrea/Desktop/backup/prove/cogrob/cogrob_ws/devel/include/rasa_ros/DialogueResponse.h)
Cleaning: (/home/andrea/Desktop/backup/prove/cogrob/cogrob_ws/devel/.private/rasa_ros/include/rasa_ros/DialogueRequest.h, /home/andrea/Desktop/backup/prove/cogrob/cogrob_ws/devel/include/rasa_ros/DialogueRequest.h)
Unlinking: /home/andrea/Desktop/backup/prove/cogrob/cogrob_ws/devel/share/common-lisp/ros/rasa_ros/srv/_package_Dialogue.lisp
Already unlinked: {}
Unlinking: /home/andrea/Desktop/backup/prove/cogrob/cogrob_ws/devel/share/common-lisp/ros/rasa_ros/srv/Dialogue.lisp
Already unlinked: {}
Unlinking: /home/andrea/Desktop/backup/prove/cogrob/cogrob_ws/devel/share/common-lisp/ros/rasa_ros/srv/_package.lisp
Already unlinked: {}
Unlinking: /home/andrea/Desktop/backup/prove/cogrob/cogrob_ws/devel/share/common-lisp/ros/rasa_ros/srv/rasa_ros-srv.asd
Already unlinked: {}
Unlinking: /home/andrea/Desktop/backup/prove/cogrob/cogrob_ws/devel/share/gennodejs/ros/rasa_ros/_index.js
Already unlinked: {}
Unlinking: /home/andrea/Desktop/backup/prove/cogrob/cogrob_ws/devel/share/gennodejs/ros/rasa_ros/srv/Dialogue.js
Already unlinked: {}
Unlinking: /home/andrea/Desktop/backup/prove/cogrob/cogrob_ws/devel/share/gennodejs/ros/rasa_ros/srv/_index.js
Already unlinked: {}
Unlinking: /home/andrea/Desktop/backup/prove/cogrob/cogrob_ws/devel/share/rasa_ros/cmake/rasa_rosConfig-version.cmake
Already unlinked: {}
Unlinking: /home/andrea/Desktop/backup/prove/cogrob/cogrob_ws/devel/share/rasa_ros/cmake/rasa_ros-msg-extras.cmake
Already unlinked: {}
Unlinking: /home/andrea/Desktop/backup/prove/cogrob/cogrob_ws/devel/share/rasa_ros/cmake/rasa_rosConfig.cmake
Already unlinked: {}
Unlinking: /home/andrea/Desktop/backup/prove/cogrob/cogrob_ws/devel/share/rasa_ros/cmake/rasa_ros-msg-paths.cmake
Already unlinked: {}
Unlinking: /home/andrea/Desktop/backup/prove/cogrob/cogrob_ws/devel/share/roseus/ros/rasa_ros/manifest.l
Already unlinked: {}
Unlinking: /home/andrea/Desktop/backup/prove/cogrob/cogrob_ws/devel/share/roseus/ros/rasa_ros/srv/Dialogue.l
Already unlinked: {}
Unlinking: /home/andrea/Desktop/backup/prove/cogrob/cogrob_ws/devel/lib/python3/dist-packages/rasa_ros/__init__.py
Already unlinked: {}
Unlinking: /home/andrea/Desktop/backup/prove/cogrob/cogrob_ws/devel/lib/python3/dist-packages/rasa_ros/srv/__init__.py
Already unlinked: {}
Unlinking: /home/andrea/Desktop/backup/prove/cogrob/cogrob_ws/devel/lib/python3/dist-packages/rasa_ros/srv/_Dialogue.py
Already unlinked: {}
Unlinking: /home/andrea/Desktop/backup/prove/cogrob/cogrob_ws/devel/lib/pkgconfig/rasa_ros.pc
Already unlinked: {}
Unlinking: /home/andrea/Desktop/backup/prove/cogrob/cogrob_ws/devel/include/rasa_ros/Dialogue.h
Already unlinked: {}
Unlinking: /home/andrea/Desktop/backup/prove/cogrob/cogrob_ws/devel/include/rasa_ros/DialogueResponse.h
Already unlinked: {}
Unlinking: /home/andrea/Desktop/backup/prove/cogrob/cogrob_ws/devel/include/rasa_ros/DialogueRequest.h
Already unlinked: {}
