[35m[1mScanning dependencies of target _rasa_ros_generate_messages_check_deps_Rest[0m
[35m[1mScanning dependencies of target _rasa_ros_generate_messages_check_deps_Text2Speech[0m
[35m[1mScanning dependencies of target _rasa_ros_generate_messages_check_deps_WakeUp[0m
[  0%] Built target std_msgs_generate_messages_lisp
[  0%] Built target std_msgs_generate_messages_eus
[  0%] Built target std_msgs_generate_messages_py
[  0%] Built target std_msgs_generate_messages_cpp
[  0%] Built target std_msgs_generate_messages_nodejs
[  0%] Built target _rasa_ros_generate_messages_check_deps_Rest
[  0%] Built target _rasa_ros_generate_messages_check_deps_WakeUp
[  0%] Built target _rasa_ros_generate_messages_check_deps_Text2Speech
[  0%] Built target _rasa_ros_generate_messages_check_deps_Dialogue
[  9%] [34m[1mGenerating Python code from SRV rasa_ros/WakeUp[0m
[  9%] [34m[1mGenerating Python code from SRV rasa_ros/Text2Speech[0m
[ 22%] [34m[1mGenerating Python code from SRV rasa_ros/Rest[0m
[ 22%] [34m[1mGenerating Lisp code from rasa_ros/WakeUp.srv[0m
[ 22%] [34m[1mGenerating EusLisp code from rasa_ros/WakeUp.srv[0m
[ 27%] [34m[1mGenerating Lisp code from rasa_ros/Rest.srv[0m
[ 36%] [34m[1mGenerating C++ code from rasa_ros/Text2Speech.srv[0m
[ 36%] [34m[1mGenerating Lisp code from rasa_ros/Text2Speech.srv[0m
[ 40%] [34m[1mGenerating C++ code from rasa_ros/WakeUp.srv[0m
[ 50%] [34m[1mGenerating Javascript code from rasa_ros/Text2Speech.srv[0m
[ 50%] [34m[1mGenerating Javascript code from rasa_ros/WakeUp.srv[0m
[ 54%] [34m[1mGenerating EusLisp code from rasa_ros/Text2Speech.srv[0m
[ 59%] Built target rasa_ros_generate_messages_lisp
[ 63%] [34m[1mGenerating EusLisp code from rasa_ros/Rest.srv[0m
[ 68%] [34m[1mGenerating C++ code from rasa_ros/Rest.srv[0m
[ 72%] [34m[1mGenerating Javascript code from rasa_ros/Rest.srv[0m
[ 77%] Built target rasa_ros_generate_messages_nodejs
[ 86%] Built target rasa_ros_generate_messages_eus
[ 90%] [34m[1mGenerating Python srv __init__.py for rasa_ros[0m
[ 95%] Built target rasa_ros_generate_messages_cpp
[100%] Built target rasa_ros_generate_messages_py
[100%] Built target rasa_ros_generate_messages
